=========================================================

/**

时间：	    2017年1月5日

说明： 	    vdc表增加锁字段

前置版本：	ICloudsV2.9.pdm

当前版本：	ICloudsV2.9.pdm
*/

=========================================================

/**

时间：	    2017年1月5日

说明： 	    vdc表增加版本控制字段

前置版本：	ICloudsV2.9.pdm

当前版本：	ICloudsV2.9.pdm
*/

=========================================================

/**

时间：	    2016年12月30日

说明： 	  修改ip使用表ip字段可以为空

前置版本：	ICloudsV2.9.pdm

当前版本：	ICloudsV2.9.pdm
 */

=========================================================

文件：	    V1_2_20__Modify_bakup_table.sql

时间：	    2016年12月20日

说明： 	  	修改爱数备份表

前置版本：	ICloudsV2.8.pdm

当前版本：	ICloudsV2.9.pdm

=========================================================

文件：	    V1_2_19__Add_novavm_column.sql

时间：	    2016年12月20日

说明： 	  	云主机表增加悲观锁

前置版本：	ICloudsV2.8.pdm

当前版本：	ICloudsV2.8.pdm

=========================================================

文件：	    V1_2_18__Update_notnull_limit.sql

时间：	    2016年12月20日

说明： 	  修改数据库的非空限制

前置版本：	ICloudsV2.8.pdm

当前版本：	ICloudsV2.8.pdm

=========================================================

序号：	    23

文件：	    V1_2_12__Update_vlbVip_column.sql

时间：	    2016年12月16日

说明： 	  修改会话持久类型字段名称,增加会话名称字段

影响对象： iyun_vlb_vips

前置版本：	ICloudsV2.8.pdm

当前版本：	ICloudsV2.8.pdm

=========================================================

序号：	    22

文件：	    V1_2_11__Remove_login2Logs_foreignKey.sql

时间：	    2016年12月15日

说明： 	  移除登录日志外键

影响对象： iyun_sm_login2logs

前置版本：	ICloudsV2.8.pdm

当前版本：	ICloudsV2.8.pdm

=========================================================

序号：	    21

文件：	    V1_2_10__Update_vlbVip_column.sql

时间：	    2016年12月12日

说明： 	  修改负载均衡成员字段名称

影响对象： iyun_vlb_vips

前置版本：	ICloudsV2.8.pdm

当前版本：	ICloudsV2.8.pdm

=========================================================

序号：	    20

文件：	    V1_2_9__Update_lb_column.sql

时间：	    2016年12月12日

说明： 	  修改负载均衡模块相关的表字段

影响对象： 负载均衡相关表

前置版本：	ICloudsV2.8.pdm

当前版本：	ICloudsV2.8.pdm

=========================================================

序号：	    19

文件：	    V1_2_8__Add_cloudosId_column.sql

时间：	    2016年12月10日

说明： 	  增加cloudos回传的id

影响对象： vdc相关资源

前置版本：	ICloudsV2.8.pdm

当前版本：	ICloudsV2.8.pdm

=========================================================

序号：	    18

文件：	    V1_2_7__Update_task_column.sql

时间：	    2016年12月7日

说明： 	  修改队列任务表字段

影响对象： iyun_base_tasksh,iyun_base_task2exec

前置版本：	ICloudsV2.6.pdm

当前版本：	ICloudsV2.6.pdm

=========================================================

序号：	    17

文件：	    V1_2_6__Add_task_table.sql

时间：	    2016年12月6日

说明： 	  增加队列任务表

影响对象： iyun_base_tasksh,iyun_base_task2exec,iyun_base_tasks

前置版本：	ICloudsV2.6.pdm

当前版本：	ICloudsV2.6.pdm

=========================================================

序号：	    16

文件：	    V1_2_5__Update_flavor_column.sql

时间：	    2016年12月6日

说明： 	  修改字段类型

影响对象：	iyun_nova_flavor,iyun_base_flavor

前置版本：	ICloudsV2.4.pdm

当前版本：	ICloudsV2.4.pdm

=========================================================

序号：	    15

文件：	    V1_2_4__Add_vdcItems_column.sql

时间：	    2016年12月5日

说明： 	  增加字段

影响对象：	iyun_vdc_items

前置版本：	ICloudsV2.4.pdm

当前版本：	ICloudsV2.4.pdm

=========================================================

序号：	    14

文件：	    V1_2_3__Add_vdcItems_column.sql

时间：	    2016年12月5日

说明： 	  增加字段

影响对象：	iyun_vdc_items

前置版本：	ICloudsV2.4.pdm

当前版本：	ICloudsV2.4.pdm

=========================================================

序号：	    13

文件：	    V1_2_12__Add_vm_column.sql

时间：	    2016年12月1日

说明： 	  修改字段

影响对象：	iyun_vm_vlb

前置版本：	ICloudsV2.4.pdm

当前版本：	ICloudsV2.4.pdm

=========================================================

序号：	    12

文件：	    V1_2_1__Add_vlb_column.sql

时间：	    2016年11月30日

说明： 	  增加字段

影响对象：	iyun_vdc_vlb

前置版本：	ICloudsV2.4.pdm

当前版本：	ICloudsV2.4.pdm

=========================================================

序号：	    11

文件：	    V1_2_0__Update_vdc_column.sql

时间：	    2016年11月30日

说明： 	  增删字段

影响对象：	iyun_vdc_view,iyun_vdc_items

前置版本：	ICloudsV2.4.pdm

当前版本：	ICloudsV2.4.pdm

=========================================================

序号：	    10

文件：	    V1_1_9__Update_vdc_column.sql

时间：	    2016年11月29日

说明： 	  增删字段

影响对象：	iyun_vdc_ports,iyun_vdc_route

前置版本：	ICloudsV2.4.pdm

当前版本：	ICloudsV2.4.pdm

=========================================================

序号：	    9

文件：	    V1_1_8__Update_vdc_column.sql

时间：	    2016年11月26日

说明： 	  增删字段

影响对象：	iyun_vdc_network,iyun_vdc_ipallocations

前置版本：	ICloudsV2.3.pdm

当前版本：	ICloudsV2.3.pdm

=========================================================

	序号：	8

	文件：	V1_1_7__Add_approveLog_column.sql

	时间：	2016年11月26日

	说明：	添加字段

影响对象：	bus_req_master2approveLog

前置版本：	ICloudsV2.3.pdm

当前版本：	ICloudsV2.3.pdm

=========================================================

	序号：	7

	文件：	V1_1_6__Update_vdc_table.sql

	时间：	2016年11月22日

	说明：	修正vdc部分的表

影响对象：	全部

前置版本：	ICloudsV2.3.pdm

当前版本：	ICloudsV2.3.pdm

=========================================================

	序号：	6

	文件：	V1_1_6__Create_tenant_quato.sql

	时间：	2016年11月22日

	说明：	新增租户配额模块的表

影响对象：	全部

前置版本：	ICloudsV2.1.pdm

当前版本：	ICloudsV2.1.pdm

=========================================================

	序号：	5

	文件：	V1_1_4__Create_iyun_table.sql

	时间：	2016年11月19日

	说明：	新增网络模块的表

影响对象：	全部

前置版本：	ICloudsV2.1.pdm

当前版本：	ICloudsV2.1.pdm

=========================================================

	序号：	4

	文件：	V1_1_3__Update_keyStone_project.sql

	时间：	2016年11月17日

	说明：	修改表名称和增加外键

影响对象：	cmdb_keystone_project

前置版本：	ICloudsV2.1.pdm

当前版本：	ICloudsV2.1.pdm

=========================================================

	序号：	3

	文件：	V1_1_2__Update_storageManage_foreignKey.sql

	时间：	2016年11月15日

	说明：	修改字段名字

影响对象：	cmdb_storage_manage

前置版本：	ICloudsV2.1.pdm

当前版本：	ICloudsV2.1.pdm

=========================================================
	
	序号：	2
	
	文件：	V1_1_1__Create_cluster_view.sql
	
	时间：	2016年11月12日
	
	说明：	增加视图，用于计算属于集群或集群组底下的虚拟机数据
	
影响对象：	clusters_server2vm（新增）
	
前置版本：	ICloudsV2.1.pdm

当前版本：	ICloudsV2.1.pdm

=========================================================
	
	序号：	1
	
	文件：	V1_1_0__Create_iyun_base.sql
	
	时间：	2016年11月01日
	
	说明：	初始化基础数据库
	
影响对象：	全部
	
前置版本：	ICloudsV1.9.pdm

当前版本：	ICloudsV1.9.pdm	